<?xml version="1.0" encoding="UTF-8"?>
<testng-results ignored="0" total="1" passed="1" failed="0" skipped="0">
  <reporter-output>
  </reporter-output>
  <suite started-at="2026-02-03T22:51:39 IST" name="Default suite" finished-at="2026-02-03T22:51:47 IST" duration-ms="8200">
    <groups>
    </groups>
    <test started-at="2026-02-03T22:51:39 IST" name="Default test" finished-at="2026-02-03T22:51:47 IST" duration-ms="8200">
      <class name="testscripts.LoginTest">
        <test-method is-config="true" signature="InstaizeBrowser()[pri:0, instance:testscripts.LoginTest@459e9125]" started-at="2026-02-03T22:51:39 IST" name="InstaizeBrowser" finished-at="2026-02-03T22:51:46 IST" duration-ms="6649" status="PASS">
          <reporter-output>
          </reporter-output>
        </test-method> <!-- InstaizeBrowser -->
        <test-method signature="verifyUserLoginWithValidUsernameAndValidPassword()[pri:0, instance:testscripts.LoginTest@459e9125]" started-at="2026-02-03T22:51:46 IST" name="verifyUserLoginWithValidUsernameAndValidPassword" finished-at="2026-02-03T22:51:47 IST" duration-ms="1479" status="PASS">
          <reporter-output>
          </reporter-output>
        </test-method> <!-- verifyUserLoginWithValidUsernameAndValidPassword -->
        <test-method is-config="true" signature="browserCloseQuit()[pri:0, instance:testscripts.LoginTest@459e9125]" started-at="2026-02-03T22:51:47 IST" name="browserCloseQuit" finished-at="2026-02-03T22:51:47 IST" duration-ms="7" status="PASS">
          <reporter-output>
          </reporter-output>
        </test-method> <!-- browserCloseQuit -->
      </class> <!-- testscripts.LoginTest -->
    </test> <!-- Default test -->
  </suite> <!-- Default suite -->
</testng-results>
