<?xml version="1.0" encoding="UTF-8"?>
<!-- Generated by org.testng.reporters.JUnitXMLReporter -->
<testsuite ignored="0" hostname="DESKTOP-0GQT428" failures="1" tests="1" name="Firefox Test" time="24.692" errors="0" timestamp="2026-02-11T20:05:40 IST">
  <testcase classname="testscripts.HomeTest" name="verifyUserIsAbleToSuccessfullyLogout" time="8.329">
    <failure type="org.openqa.selenium.NoSuchElementException" message="Unable to locate element: //a[@href=&amp;apos;https://groceryapp.uniqassosiates.com/admin/list-news&amp;apos;]
For documentation on this error, please visit: https://www.selenium.dev/documentation/webdriver/troubleshooting/errors#no-such-element-exception
Build info: version: &amp;apos;4.34.0&amp;apos;, revision: &amp;apos;707dcb4246*&amp;apos;
System info: os.name: &amp;apos;Windows 11&amp;apos;, os.arch: &amp;apos;amd64&amp;apos;, os.version: &amp;apos;10.0&amp;apos;, java.version: &amp;apos;21.0.9&amp;apos;
Driver info: org.openqa.selenium.firefox.FirefoxDriver
Command: [f6d70617-a081-426b-8998-c97bff1a803a, findElement {using=xpath, value=//a[@href=&amp;apos;https://groceryapp.uniqassosiates.com/admin/list-news&amp;apos;]}]
Capabilities {acceptInsecureCerts: true, browserName: firefox, browserVersion: 147.0.3, moz:accessibilityChecks: false, moz:buildID: 20260203002554, moz:geckodriverVersion: 0.36.0, moz:headless: false, moz:platformVersion: 10.0, moz:processID: 14800, moz:profile: C:\Users\tjeri\AppData\Loca..., moz:shutdownTimeout: 60000, moz:webdriverClick: true, moz:windowless: false, pageLoadStrategy: normal, platformName: windows, proxy: Proxy(), setWindowRect: true, strictFileInteractability: false, timeouts: {implicit: 0, pageLoad: 300000, script: 30000}, unhandledPromptBehavior: dismiss and notify, userAgent: Mozilla/5.0 (Windows NT 10....}
Session ID: f6d70617-a081-426b-8998-c97bff1a803a">
      <![CDATA[org.openqa.selenium.NoSuchElementException: Unable to locate element: //a[@href='https://groceryapp.uniqassosiates.com/admin/list-news']
For documentation on this error, please visit: https://www.selenium.dev/documentation/webdriver/troubleshooting/errors#no-such-element-exception
Build info: version: '4.34.0', revision: '707dcb4246*'
System info: os.name: 'Windows 11', os.arch: 'amd64', os.version: '10.0', java.version: '21.0.9'
Driver info: org.openqa.selenium.firefox.FirefoxDriver
Command: [f6d70617-a081-426b-8998-c97bff1a803a, findElement {using=xpath, value=//a[@href='https://groceryapp.uniqassosiates.com/admin/list-news']}]
Capabilities {acceptInsecureCerts: true, browserName: firefox, browserVersion: 147.0.3, moz:accessibilityChecks: false, moz:buildID: 20260203002554, moz:geckodriverVersion: 0.36.0, moz:headless: false, moz:platformVersion: 10.0, moz:processID: 14800, moz:profile: C:\Users\tjeri\AppData\Loca..., moz:shutdownTimeout: 60000, moz:webdriverClick: true, moz:windowless: false, pageLoadStrategy: normal, platformName: windows, proxy: Proxy(), setWindowRect: true, strictFileInteractability: false, timeouts: {implicit: 0, pageLoad: 300000, script: 30000}, unhandledPromptBehavior: dismiss and notify, userAgent: Mozilla/5.0 (Windows NT 10....}
Session ID: f6d70617-a081-426b-8998-c97bff1a803a
at org.openqa.selenium.remote.ErrorCodec.decode(ErrorCodec.java:167)
at org.openqa.selenium.remote.codec.w3c.W3CHttpResponseCodec.decode(W3CHttpResponseCodec.java:138)
at org.openqa.selenium.remote.codec.w3c.W3CHttpResponseCodec.decode(W3CHttpResponseCodec.java:50)
at org.openqa.selenium.remote.HttpCommandExecutor.execute(HttpCommandExecutor.java:215)
at org.openqa.selenium.remote.service.DriverCommandExecutor.invokeExecute(DriverCommandExecutor.java:216)
at org.openqa.selenium.remote.service.DriverCommandExecutor.execute(DriverCommandExecutor.java:174)
at org.openqa.selenium.remote.RemoteWebDriver.execute(RemoteWebDriver.java:544)
at org.openqa.selenium.remote.ElementLocation$ElementFinder$2.findElement(ElementLocation.java:165)
at org.openqa.selenium.remote.ElementLocation.findElement(ElementLocation.java:59)
at org.openqa.selenium.remote.RemoteWebDriver.findElement(RemoteWebDriver.java:367)
at org.openqa.selenium.remote.RemoteWebDriver.findElement(RemoteWebDriver.java:361)
at org.openqa.selenium.support.pagefactory.DefaultElementLocator.findElement(DefaultElementLocator.java:68)
at org.openqa.selenium.support.pagefactory.internal.LocatingElementHandler.invoke(LocatingElementHandler.java:38)
at jdk.proxy2/jdk.proxy2.$Proxy13.isDisplayed(Unknown Source)
at pages.HomePage.isDisplayManagenewsMorInfo(HomePage.java:49)
at testscripts.HomeTest.verifyUserIsAbleToSuccessfullyLogout(HomeTest.java:32)
at java.base/java.util.ArrayList.forEach(ArrayList.java:1596)
... Removed 28 stack frames]]>
    </failure>
  </testcase> <!-- verifyUserIsAbleToSuccessfullyLogout -->
</testsuite> <!-- Firefox Test -->
