<?xml version="1.0" encoding="UTF-8"?>
<testng-results ignored="0" total="1" passed="1" failed="0" skipped="0">
  <reporter-output>
  </reporter-output>
  <suite started-at="2026-02-03T23:21:39 IST" name="Default suite" finished-at="2026-02-03T23:21:45 IST" duration-ms="6293">
    <groups>
    </groups>
    <test started-at="2026-02-03T23:21:39 IST" name="Default test" finished-at="2026-02-03T23:21:45 IST" duration-ms="6293">
      <class name="testscripts.LoginTest">
        <test-method is-config="true" signature="InitializeBrowser()[pri:0, instance:testscripts.LoginTest@459e9125]" started-at="2026-02-03T23:21:39 IST" name="InitializeBrowser" finished-at="2026-02-03T23:21:43 IST" duration-ms="4301" status="PASS">
          <reporter-output>
          </reporter-output>
        </test-method> <!-- InitializeBrowser -->
        <test-method signature="verifyUserLoginWithInvalidUsernameAndInvalidPassword()[pri:0, instance:testscripts.LoginTest@459e9125]" started-at="2026-02-03T23:21:43 IST" name="verifyUserLoginWithInvalidUsernameAndInvalidPassword" finished-at="2026-02-03T23:21:45 IST" duration-ms="1920" status="PASS">
          <reporter-output>
          </reporter-output>
        </test-method> <!-- verifyUserLoginWithInvalidUsernameAndInvalidPassword -->
        <test-method is-config="true" signature="browserCloseQuit()[pri:0, instance:testscripts.LoginTest@459e9125]" started-at="2026-02-03T23:21:45 IST" name="browserCloseQuit" finished-at="2026-02-03T23:21:45 IST" duration-ms="9" status="PASS">
          <reporter-output>
          </reporter-output>
        </test-method> <!-- browserCloseQuit -->
      </class> <!-- testscripts.LoginTest -->
    </test> <!-- Default test -->
  </suite> <!-- Default suite -->
</testng-results>
