<?xml version="1.0" encoding="UTF-8"?>
<testng-results ignored="0" total="11" passed="11" failed="0" skipped="0">
  <reporter-output>
  </reporter-output>
  <suite started-at="2026-02-09T12:48:32 IST" name="Suite" finished-at="2026-02-09T12:51:20 IST" duration-ms="168097">
    <groups>
    </groups>
    <test started-at="2026-02-09T12:48:32 IST" name="Test" finished-at="2026-02-09T12:51:20 IST" duration-ms="168097">
      <class name="testscripts.ManageNewsTest">
        <test-method is-config="true" signature="InitializeBrowser()[pri:0, instance:testscripts.ManageNewsTest@60db1c0e]" started-at="2026-02-09T12:49:16 IST" name="InitializeBrowser" finished-at="2026-02-09T12:49:28 IST" duration-ms="12071" status="PASS">
          <reporter-output>
          </reporter-output>
        </test-method> <!-- InitializeBrowser -->
        <test-method signature="verifyUserIsAbleToAddNewNews()[pri:0, instance:testscripts.ManageNewsTest@60db1c0e]" started-at="2026-02-09T12:49:28 IST" name="verifyUserIsAbleToAddNewNews" description="Verify that user can add new news after successful login" finished-at="2026-02-09T12:49:34 IST" duration-ms="5960" status="PASS">
          <reporter-output>
          </reporter-output>
        </test-method> <!-- verifyUserIsAbleToAddNewNews -->
        <test-method is-config="true" signature="driverQuit(org.testng.ITestResult)[pri:0, instance:testscripts.ManageNewsTest@60db1c0e]" started-at="2026-02-09T12:49:34 IST" name="driverQuit" finished-at="2026-02-09T12:49:34 IST" duration-ms="13" status="PASS">
          <params>
            <param index="0">
              <value>
                <![CDATA[[TestResult name=verifyUserIsAbleToAddNewNews status=SUCCESS method=ManageNewsTest.verifyUserIsAbleToAddNewNews()[pri:0, instance:testscripts.ManageNewsTest@60db1c0e] output={null}]]]>
              </value>
            </param>
          </params>
          <reporter-output>
          </reporter-output>
        </test-method> <!-- driverQuit -->
        <test-method is-config="true" signature="InitializeBrowser()[pri:0, instance:testscripts.ManageNewsTest@60db1c0e]" started-at="2026-02-09T12:49:34 IST" name="InitializeBrowser" finished-at="2026-02-09T12:49:44 IST" duration-ms="9960" status="PASS">
          <reporter-output>
          </reporter-output>
        </test-method> <!-- InitializeBrowser -->
        <test-method signature="verifyUserIsAbleToRefreshNews()[pri:0, instance:testscripts.ManageNewsTest@60db1c0e]" started-at="2026-02-09T12:49:44 IST" name="verifyUserIsAbleToRefreshNews" description="Verify that user can refresh or reset the news list" finished-at="2026-02-09T12:49:48 IST" duration-ms="3694" status="PASS">
          <reporter-output>
          </reporter-output>
        </test-method> <!-- verifyUserIsAbleToRefreshNews -->
        <test-method is-config="true" signature="driverQuit(org.testng.ITestResult)[pri:0, instance:testscripts.ManageNewsTest@60db1c0e]" started-at="2026-02-09T12:49:48 IST" name="driverQuit" finished-at="2026-02-09T12:49:48 IST" duration-ms="8" status="PASS">
          <params>
            <param index="0">
              <value>
                <![CDATA[[TestResult name=verifyUserIsAbleToRefreshNews status=SUCCESS method=ManageNewsTest.verifyUserIsAbleToRefreshNews()[pri:0, instance:testscripts.ManageNewsTest@60db1c0e] output={null}]]]>
              </value>
            </param>
          </params>
          <reporter-output>
          </reporter-output>
        </test-method> <!-- driverQuit -->
        <test-method is-config="true" signature="InitializeBrowser()[pri:0, instance:testscripts.ManageNewsTest@60db1c0e]" started-at="2026-02-09T12:49:48 IST" name="InitializeBrowser" finished-at="2026-02-09T12:49:56 IST" duration-ms="8319" status="PASS">
          <reporter-output>
          </reporter-output>
        </test-method> <!-- InitializeBrowser -->
        <test-method signature="verifyUserIsAbleToSearchNews()[pri:0, instance:testscripts.ManageNewsTest@60db1c0e]" started-at="2026-02-09T12:49:56 IST" name="verifyUserIsAbleToSearchNews" description="Verify that user can search newly added news" finished-at="2026-02-09T12:50:06 IST" duration-ms="9221" status="PASS">
          <reporter-output>
          </reporter-output>
        </test-method> <!-- verifyUserIsAbleToSearchNews -->
        <test-method is-config="true" signature="driverQuit(org.testng.ITestResult)[pri:0, instance:testscripts.ManageNewsTest@60db1c0e]" started-at="2026-02-09T12:50:06 IST" name="driverQuit" finished-at="2026-02-09T12:50:06 IST" duration-ms="37" status="PASS">
          <params>
            <param index="0">
              <value>
                <![CDATA[[TestResult name=verifyUserIsAbleToSearchNews status=SUCCESS method=ManageNewsTest.verifyUserIsAbleToSearchNews()[pri:0, instance:testscripts.ManageNewsTest@60db1c0e] output={null}]]]>
              </value>
            </param>
          </params>
          <reporter-output>
          </reporter-output>
        </test-method> <!-- driverQuit -->
      </class> <!-- testscripts.ManageNewsTest -->
      <class name="testscripts.LoginTest">
        <test-method is-config="true" signature="InitializeBrowser()[pri:0, instance:testscripts.LoginTest@2f953efd]" started-at="2026-02-09T12:48:32 IST" name="InitializeBrowser" finished-at="2026-02-09T12:48:53 IST" duration-ms="21384" status="PASS">
          <reporter-output>
          </reporter-output>
        </test-method> <!-- InitializeBrowser -->
        <test-method signature="verifyUserLoginWithInvalidUsernameAndInvalidPassword()[pri:0, instance:testscripts.LoginTest@2f953efd]" started-at="2026-02-09T12:48:53 IST" name="verifyUserLoginWithInvalidUsernameAndInvalidPassword" finished-at="2026-02-09T12:48:54 IST" duration-ms="1422" status="PASS">
          <reporter-output>
          </reporter-output>
        </test-method> <!-- verifyUserLoginWithInvalidUsernameAndInvalidPassword -->
        <test-method is-config="true" signature="driverQuit(org.testng.ITestResult)[pri:0, instance:testscripts.LoginTest@2f953efd]" started-at="2026-02-09T12:48:54 IST" name="driverQuit" finished-at="2026-02-09T12:48:54 IST" duration-ms="9" status="PASS">
          <params>
            <param index="0">
              <value>
                <![CDATA[[TestResult name=verifyUserLoginWithInvalidUsernameAndInvalidPassword status=SUCCESS method=LoginTest.verifyUserLoginWithInvalidUsernameAndInvalidPassword()[pri:0, instance:testscripts.LoginTest@2f953efd] output={null}]]]>
              </value>
            </param>
          </params>
          <reporter-output>
          </reporter-output>
        </test-method> <!-- driverQuit -->
        <test-method is-config="true" signature="InitializeBrowser()[pri:0, instance:testscripts.LoginTest@2f953efd]" started-at="2026-02-09T12:48:54 IST" name="InitializeBrowser" finished-at="2026-02-09T12:48:58 IST" duration-ms="3333" status="PASS">
          <reporter-output>
          </reporter-output>
        </test-method> <!-- InitializeBrowser -->
        <test-method signature="verifyUserLoginWithInvalidUsernameAndValidPassword()[pri:0, instance:testscripts.LoginTest@2f953efd]" started-at="2026-02-09T12:48:58 IST" name="verifyUserLoginWithInvalidUsernameAndValidPassword" finished-at="2026-02-09T12:48:58 IST" duration-ms="571" status="PASS">
          <reporter-output>
          </reporter-output>
        </test-method> <!-- verifyUserLoginWithInvalidUsernameAndValidPassword -->
        <test-method is-config="true" signature="driverQuit(org.testng.ITestResult)[pri:0, instance:testscripts.LoginTest@2f953efd]" started-at="2026-02-09T12:48:58 IST" name="driverQuit" finished-at="2026-02-09T12:48:58 IST" duration-ms="0" status="PASS">
          <params>
            <param index="0">
              <value>
                <![CDATA[[TestResult name=verifyUserLoginWithInvalidUsernameAndValidPassword status=SUCCESS method=LoginTest.verifyUserLoginWithInvalidUsernameAndValidPassword()[pri:0, instance:testscripts.LoginTest@2f953efd] output={null}]]]>
              </value>
            </param>
          </params>
          <reporter-output>
          </reporter-output>
        </test-method> <!-- driverQuit -->
        <test-method is-config="true" signature="InitializeBrowser()[pri:0, instance:testscripts.LoginTest@2f953efd]" started-at="2026-02-09T12:48:58 IST" name="InitializeBrowser" finished-at="2026-02-09T12:49:02 IST" duration-ms="3698" status="PASS">
          <reporter-output>
          </reporter-output>
        </test-method> <!-- InitializeBrowser -->
        <test-method signature="verifyUserLoginWithValidUsernameAndInvalidPassword()[pri:0, instance:testscripts.LoginTest@2f953efd]" started-at="2026-02-09T12:49:02 IST" name="verifyUserLoginWithValidUsernameAndInvalidPassword" finished-at="2026-02-09T12:49:03 IST" duration-ms="734" status="PASS">
          <reporter-output>
          </reporter-output>
        </test-method> <!-- verifyUserLoginWithValidUsernameAndInvalidPassword -->
        <test-method is-config="true" signature="InitializeBrowser()[pri:0, instance:testscripts.LoginTest@2f953efd]" started-at="2026-02-09T12:49:03 IST" name="InitializeBrowser" finished-at="2026-02-09T12:49:07 IST" duration-ms="3833" status="PASS">
          <reporter-output>
          </reporter-output>
        </test-method> <!-- InitializeBrowser -->
        <test-method is-config="true" signature="driverQuit(org.testng.ITestResult)[pri:0, instance:testscripts.LoginTest@2f953efd]" started-at="2026-02-09T12:49:03 IST" name="driverQuit" finished-at="2026-02-09T12:49:03 IST" duration-ms="0" status="PASS">
          <params>
            <param index="0">
              <value>
                <![CDATA[[TestResult name=verifyUserLoginWithValidUsernameAndInvalidPassword status=SUCCESS method=LoginTest.verifyUserLoginWithValidUsernameAndInvalidPassword()[pri:0, instance:testscripts.LoginTest@2f953efd] output={null}]]]>
              </value>
            </param>
          </params>
          <reporter-output>
          </reporter-output>
        </test-method> <!-- driverQuit -->
        <test-method signature="verifyUserLoginWithValidUsernameAndValidPassword()[pri:0, instance:testscripts.LoginTest@2f953efd]" started-at="2026-02-09T12:49:07 IST" name="verifyUserLoginWithValidUsernameAndValidPassword" description="Validating user login with valid credentials" finished-at="2026-02-09T12:49:07 IST" duration-ms="587" status="PASS">
          <reporter-output>
          </reporter-output>
        </test-method> <!-- verifyUserLoginWithValidUsernameAndValidPassword -->
        <test-method is-config="true" signature="driverQuit(org.testng.ITestResult)[pri:0, instance:testscripts.LoginTest@2f953efd]" started-at="2026-02-09T12:49:07 IST" name="driverQuit" finished-at="2026-02-09T12:49:07 IST" duration-ms="6" status="PASS">
          <params>
            <param index="0">
              <value>
                <![CDATA[[TestResult name=verifyUserLoginWithValidUsernameAndValidPassword status=SUCCESS method=LoginTest.verifyUserLoginWithValidUsernameAndValidPassword()[pri:0, instance:testscripts.LoginTest@2f953efd] output={null}]]]>
              </value>
            </param>
          </params>
          <reporter-output>
          </reporter-output>
        </test-method> <!-- driverQuit -->
      </class> <!-- testscripts.LoginTest -->
      <class name="testscripts.AdminUsersTest">
        <test-method is-config="true" signature="InitializeBrowser()[pri:0, instance:testscripts.AdminUsersTest@3e78b6a5]" started-at="2026-02-09T12:50:06 IST" name="InitializeBrowser" finished-at="2026-02-09T12:50:18 IST" duration-ms="11851" status="PASS">
          <reporter-output>
          </reporter-output>
        </test-method> <!-- InitializeBrowser -->
        <test-method signature="verifyUserIsAbleToAddNewUsernamePasswordAndSelectType()[pri:0, instance:testscripts.AdminUsersTest@3e78b6a5]" started-at="2026-02-09T12:50:18 IST" name="verifyUserIsAbleToAddNewUsernamePasswordAndSelectType" description="Verify that the admin user is able to add a new username" finished-at="2026-02-09T12:50:33 IST" duration-ms="14490" status="PASS">
          <reporter-output>
          </reporter-output>
        </test-method> <!-- verifyUserIsAbleToAddNewUsernamePasswordAndSelectType -->
        <test-method is-config="true" signature="driverQuit(org.testng.ITestResult)[pri:0, instance:testscripts.AdminUsersTest@3e78b6a5]" started-at="2026-02-09T12:50:33 IST" name="driverQuit" finished-at="2026-02-09T12:50:33 IST" duration-ms="10" status="PASS">
          <params>
            <param index="0">
              <value>
                <![CDATA[[TestResult name=verifyUserIsAbleToAddNewUsernamePasswordAndSelectType status=SUCCESS method=AdminUsersTest.verifyUserIsAbleToAddNewUsernamePasswordAndSelectType()[pri:0, instance:testscripts.AdminUsersTest@3e78b6a5] output={null}]]]>
              </value>
            </param>
          </params>
          <reporter-output>
          </reporter-output>
        </test-method> <!-- driverQuit -->
        <test-method is-config="true" signature="InitializeBrowser()[pri:0, instance:testscripts.AdminUsersTest@3e78b6a5]" started-at="2026-02-09T12:50:33 IST" name="InitializeBrowser" finished-at="2026-02-09T12:50:46 IST" duration-ms="13034" status="PASS">
          <reporter-output>
          </reporter-output>
        </test-method> <!-- InitializeBrowser -->
        <test-method signature="verifyUserIsAbleToRefreshUsernames()[pri:0, instance:testscripts.AdminUsersTest@3e78b6a5]" started-at="2026-02-09T12:50:46 IST" name="verifyUserIsAbleToRefreshUsernames" description="Verify that the admin user is able to refresh or reset the username search results" finished-at="2026-02-09T12:50:52 IST" duration-ms="5797" status="PASS">
          <reporter-output>
          </reporter-output>
        </test-method> <!-- verifyUserIsAbleToRefreshUsernames -->
        <test-method is-config="true" signature="driverQuit(org.testng.ITestResult)[pri:0, instance:testscripts.AdminUsersTest@3e78b6a5]" started-at="2026-02-09T12:50:52 IST" name="driverQuit" finished-at="2026-02-09T12:50:52 IST" duration-ms="85" status="PASS">
          <params>
            <param index="0">
              <value>
                <![CDATA[[TestResult name=verifyUserIsAbleToRefreshUsernames status=SUCCESS method=AdminUsersTest.verifyUserIsAbleToRefreshUsernames()[pri:0, instance:testscripts.AdminUsersTest@3e78b6a5] output={null}]]]>
              </value>
            </param>
          </params>
          <reporter-output>
          </reporter-output>
        </test-method> <!-- driverQuit -->
        <test-method is-config="true" signature="InitializeBrowser()[pri:0, instance:testscripts.AdminUsersTest@3e78b6a5]" started-at="2026-02-09T12:50:52 IST" name="InitializeBrowser" finished-at="2026-02-09T12:51:11 IST" duration-ms="19001" status="PASS">
          <reporter-output>
          </reporter-output>
        </test-method> <!-- InitializeBrowser -->
        <test-method signature="verifyUserIsAbleToSearchUsernames()[pri:0, instance:testscripts.AdminUsersTest@3e78b6a5]" started-at="2026-02-09T12:51:12 IST" name="verifyUserIsAbleToSearchUsernames" description="Verify that the admin user is able to search usernames using search filters" finished-at="2026-02-09T12:51:19 IST" duration-ms="7473" status="PASS">
          <reporter-output>
          </reporter-output>
        </test-method> <!-- verifyUserIsAbleToSearchUsernames -->
        <test-method is-config="true" signature="driverQuit(org.testng.ITestResult)[pri:0, instance:testscripts.AdminUsersTest@3e78b6a5]" started-at="2026-02-09T12:51:20 IST" name="driverQuit" finished-at="2026-02-09T12:51:20 IST" duration-ms="16" status="PASS">
          <params>
            <param index="0">
              <value>
                <![CDATA[[TestResult name=verifyUserIsAbleToSearchUsernames status=SUCCESS method=AdminUsersTest.verifyUserIsAbleToSearchUsernames()[pri:0, instance:testscripts.AdminUsersTest@3e78b6a5] output={null}]]]>
              </value>
            </param>
          </params>
          <reporter-output>
          </reporter-output>
        </test-method> <!-- driverQuit -->
      </class> <!-- testscripts.AdminUsersTest -->
      <class name="testscripts.HomeTest">
        <test-method is-config="true" signature="InitializeBrowser()[pri:0, instance:testscripts.HomeTest@7068e664]" started-at="2026-02-09T12:49:07 IST" name="InitializeBrowser" finished-at="2026-02-09T12:49:14 IST" duration-ms="6531" status="PASS">
          <reporter-output>
          </reporter-output>
        </test-method> <!-- InitializeBrowser -->
        <test-method signature="verifyUserIsAbleToSuccessfullyLogout()[pri:0, instance:testscripts.HomeTest@7068e664]" started-at="2026-02-09T12:49:14 IST" name="verifyUserIsAbleToSuccessfullyLogout" description="Verify user is able to successfully logout" finished-at="2026-02-09T12:49:16 IST" duration-ms="1992" status="PASS">
          <reporter-output>
          </reporter-output>
        </test-method> <!-- verifyUserIsAbleToSuccessfullyLogout -->
        <test-method is-config="true" signature="driverQuit(org.testng.ITestResult)[pri:0, instance:testscripts.HomeTest@7068e664]" started-at="2026-02-09T12:49:16 IST" name="driverQuit" finished-at="2026-02-09T12:49:16 IST" duration-ms="2" status="PASS">
          <params>
            <param index="0">
              <value>
                <![CDATA[[TestResult name=verifyUserIsAbleToSuccessfullyLogout status=SUCCESS method=HomeTest.verifyUserIsAbleToSuccessfullyLogout()[pri:0, instance:testscripts.HomeTest@7068e664] output={null}]]]>
              </value>
            </param>
          </params>
          <reporter-output>
          </reporter-output>
        </test-method> <!-- driverQuit -->
      </class> <!-- testscripts.HomeTest -->
    </test> <!-- Test -->
  </suite> <!-- Suite -->
</testng-results>
