<?xml version="1.0" encoding="UTF-8"?>
<!-- Generated by org.testng.reporters.JUnitXMLReporter -->
<testsuite ignored="3" hostname="DESKTOP-0GQT428" failures="0" tests="8" name="Test" time="53.199" errors="0" timestamp="2026-02-16T18:44:16 IST">
  <testcase classname="testscripts.LoginTest" name="verifyUserLoginWithInvalidUsernameAndInvalidPassword" time="0.58"/>
  <testcase classname="testscripts.LoginTest" name="verifyUserLoginWithInvalidUsernameAndInvalidPassword" time="0.452"/>
  <testcase classname="testscripts.AdminUsersTest" name="verifyUserIsAbleToAddNewUsernamePasswordAndSelectType" time="3.581"/>
  <testcase classname="testscripts.AdminUsersTest" name="verifyUserIsAbleToSearchUsernames" time="3.898"/>
  <testcase classname="testscripts.AdminUsersTest" name="verifyUserIsAbleToRefreshUsernames" time="2.632"/>
  <testcase classname="testscripts.ManageNewsTest" name="verifyUserIsAbleToAddNewNews" time="2.469"/>
  <testcase classname="testscripts.ManageNewsTest" name="verifyUserIsAbleToSearchNews" time="3.583"/>
  <testcase classname="testscripts.ManageNewsTest" name="verifyUserIsAbleToRefreshNews" time="3.262"/>
  <testcase classname="testscripts.LoginTest" name="verifyUserLoginWithValidUsernameAndValidPassword" time="0.0">
    <ignored/>
  </testcase> <!-- verifyUserLoginWithValidUsernameAndValidPassword -->
  <testcase classname="testscripts.LoginTest" name="verifyUserLoginWithValidUsernameAndInvalidPassword" time="0.0">
    <ignored/>
  </testcase> <!-- verifyUserLoginWithValidUsernameAndInvalidPassword -->
  <testcase classname="testscripts.LoginTest" name="verifyUserLoginWithInvalidUsernameAndValidPassword" time="0.0">
    <ignored/>
  </testcase> <!-- verifyUserLoginWithInvalidUsernameAndValidPassword -->
</testsuite> <!-- Test -->
