<?xml version="1.0" encoding="UTF-8"?>
<!-- Generated by org.testng.reporters.JUnitXMLReporter -->
<testsuite ignored="3" hostname="DESKTOP-0GQT428" failures="0" tests="5" name="Test" time="33.75" errors="0" timestamp="2026-02-19T15:35:55 IST">
  <testcase classname="testscripts.LoginTest" name="verifyUserLoginWithInvalidUsernameAndInvalidPassword" time="1.051"/>
  <testcase classname="testscripts.LoginTest" name="verifyUserLoginWithInvalidUsernameAndInvalidPassword" time="0.752"/>
  <testcase classname="testscripts.ManageNewsTest" name="verifyUserIsAbleToAddNewNews" time="3.433"/>
  <testcase classname="testscripts.ManageNewsTest" name="verifyUserIsAbleToSearchNews" time="3.206"/>
  <testcase classname="testscripts.ManageNewsTest" name="verifyUserIsAbleToRefreshNews" time="3.802"/>
  <testcase classname="testscripts.LoginTest" name="verifyUserLoginWithValidUsernameAndValidPassword" time="0.0">
    <ignored/>
  </testcase> <!-- verifyUserLoginWithValidUsernameAndValidPassword -->
  <testcase classname="testscripts.LoginTest" name="verifyUserLoginWithValidUsernameAndInvalidPassword" time="0.0">
    <ignored/>
  </testcase> <!-- verifyUserLoginWithValidUsernameAndInvalidPassword -->
  <testcase classname="testscripts.LoginTest" name="verifyUserLoginWithInvalidUsernameAndValidPassword" time="0.0">
    <ignored/>
  </testcase> <!-- verifyUserLoginWithInvalidUsernameAndValidPassword -->
</testsuite> <!-- Test -->
