<?xml version="1.0" encoding="UTF-8"?>
<!-- Generated by org.testng.reporters.JUnitReportReporter -->
<testsuite hostname="DESKTOP-0GQT428" failures="0" tests="3" name="testscripts.AdminUsersTest" time="17.716" errors="0" timestamp="2026-02-16T18:44:17 IST" skipped="0">
  <testcase classname="testscripts.AdminUsersTest" name="verifyUserIsAbleToAddNewUsernamePasswordAndSelectType" time="6.051"/>
  <testcase classname="testscripts.AdminUsersTest" name="verifyUserIsAbleToSearchUsernames" time="6.720"/>
  <testcase classname="testscripts.AdminUsersTest" name="verifyUserIsAbleToRefreshUsernames" time="4.945"/>
</testsuite> <!-- testscripts.AdminUsersTest -->
