<?xml version="1.0" encoding="UTF-8"?>
<!-- Generated by org.testng.reporters.JUnitReportReporter -->
<testsuite hostname="DESKTOP-0GQT428" failures="0" tests="2" name="testscripts.LoginTest" time="12.369" errors="0" timestamp="2026-02-15T19:47:35 IST" skipped="0">
  <testcase classname="testscripts.LoginTest" name="verifyUserLoginWithInvalidUsernameAndInvalidPassword" time="4.126"/>
  <testcase classname="testscripts.LoginTest" name="verifyUserLoginWithInvalidUsernameAndInvalidPassword" time="8.243"/>
</testsuite> <!-- testscripts.LoginTest -->
