<?xml version="1.0" encoding="UTF-8"?>
<!-- Generated by org.testng.reporters.JUnitReportReporter -->
<testsuite hostname="DESKTOP-0GQT428" failures="0" tests="3" name="testscripts.AdminUsersTest" time="28.582" errors="0" timestamp="2026-02-15T19:47:35 IST" skipped="0">
  <testcase classname="testscripts.AdminUsersTest" name="verifyUserIsAbleToRefreshUsernames" time="8.535"/>
  <testcase classname="testscripts.AdminUsersTest" name="verifyUserIsAbleToSearchUsernames" time="8.364"/>
  <testcase classname="testscripts.AdminUsersTest" name="verifyUserIsAbleToAddNewUsernamePasswordAndSelectType" time="11.683"/>
</testsuite> <!-- testscripts.AdminUsersTest -->
