<?xml version="1.0" encoding="UTF-8"?>
<!-- Generated by org.testng.reporters.JUnitReportReporter -->
<testsuite hostname="DESKTOP-0GQT428" failures="0" tests="3" name="testscripts.ManageNewsTest" time="28.935" errors="0" timestamp="2026-02-16T18:44:17 IST" skipped="0">
  <testcase classname="testscripts.ManageNewsTest" name="verifyUserIsAbleToAddNewNews" time="8.949"/>
  <testcase classname="testscripts.ManageNewsTest" name="verifyUserIsAbleToSearchNews" time="9.509"/>
  <testcase classname="testscripts.ManageNewsTest" name="verifyUserIsAbleToRefreshNews" time="10.477"/>
</testsuite> <!-- testscripts.ManageNewsTest -->
