<?xml version="1.0" encoding="UTF-8"?>
<!-- Generated by org.testng.reporters.JUnitXMLReporter -->
<testsuite ignored="0" hostname="DESKTOP-0GQT428" failures="0" tests="3" name="Default test" time="20.194" errors="0" timestamp="2026-02-05T00:09:20 IST">
  <testcase classname="testscripts.ManageNewsTest" name="verifyUserIsAbleToAddNewNews" time="3.878"/>
  <testcase classname="testscripts.ManageNewsTest" name="verifyUserIsAbleToRefreshNews" time="1.733"/>
  <testcase classname="testscripts.ManageNewsTest" name="verifyUserIsAbleToSearchNews" time="2.404"/>
</testsuite> <!-- Default test -->
