<?xml version="1.0" encoding="UTF-8"?>
<!-- Generated by org.testng.reporters.JUnitXMLReporter -->
<testsuite ignored="2" hostname="DESKTOP-0GQT428" failures="0" tests="1" name="Default test" time="7.703" errors="0" timestamp="2026-02-06T15:43:47 IST">
  <testcase classname="testscripts.ManageNewsTest" name="verifyUserIsAbleToAddNewNews" time="2.593"/>
  <testcase classname="testscripts.ManageNewsTest" name="verifyUserIsAbleToSearchNews" time="0.0">
    <ignored/>
  </testcase> <!-- verifyUserIsAbleToSearchNews -->
  <testcase classname="testscripts.ManageNewsTest" name="verifyUserIsAbleToRefreshNews" time="0.0">
    <ignored/>
  </testcase> <!-- verifyUserIsAbleToRefreshNews -->
</testsuite> <!-- Default test -->
